Sun, 20 May 2007 12:36:53 +0200
Sun, 20 May 2007 12:39:26 +0200|01:00:05
Sun, 20 May 2007 12:41:29 +0200|01:00:02
Sun, 20 May 2007 12:43:33 +0200|01:00:03
Sun, 20 May 2007 12:45:37 +0200|01:00:03
Sun, 20 May 2007 12:47:41 +0200|01:00:03
Sun, 20 May 2007 12:49:45 +0200|01:00:03
Sun, 20 May 2007 12:51:48 +0200|01:00:02
Sun, 20 May 2007 12:53:52 +0200|01:00:03
Sun, 20 May 2007 12:55:56 +0200|01:00:03
Sun, 20 May 2007 12:57:59 +0200|01:00:02
Sun, 20 May 2007 13:00:04 +0200|01:00:04
Sun, 20 May 2007 13:02:09 +0200|01:00:04
Sun, 20 May 2007 13:47:35 +0200|01:00:14
Sun, 20 May 2007 14:47:48 +0200|01:00:12
Sun, 20 May 2007 15:48:07 +0200|01:00:18
Sun, 20 May 2007 19:13:19 +0200|01:00:02
Sun, 20 May 2007 20:13:46 +0200|01:00:26
Sun, 20 May 2007 21:14:01 +0200|01:00:14
1180117987|13
1180121601|13
1180125214|12
1180167921|12
1180167930|2
1180171535|13
1180171536|5
1180175151|14
1180175151|15
1180178772|20
1180178776|24
1181469281|15
1181472906|24
1181476529|22
1181480159|28
1181483779|18
1181487402|22
1181491021|18
1181494639|17
1181498277|37
1181981587|12
1181985198|10
1181988814|15
1181992429|14
1181996043|13
1182069222|12
1182072328|8
1182072837|14
1182075938|9
1182076450|12
